<?xml version="1.0" encoding="UTF-8"?>
<testng-results ignored="0" total="2" passed="2" failed="0" skipped="0">
  <reporter-output>
  </reporter-output>
  <suite started-at="2024-05-28T03:40:41Z" name="BDD Test Suite" finished-at="2024-05-28T03:42:09Z" duration-ms="88106">
    <groups>
      <group name="cucumber">
        <method signature="AbstractTestNGCucumberTests.runScenario(cucumber.api.testng.PickleEventWrapper, cucumber.api.testng.CucumberFeatureWrapper)[pri:0, instance:com.crowdar.bdd.cukes.TestNGSecuencialRunner@7193666c]" name="runScenario" class="cucumber.api.testng.AbstractTestNGCucumberTests"/>
      </group> <!-- cucumber -->
    </groups>
    <test started-at="2024-05-28T03:40:41Z" name="Login and Update Profile Test" finished-at="2024-05-28T03:42:09Z" duration-ms="88106">
      <class name="com.crowdar.bdd.cukes.TestNGSecuencialRunner">
        <test-method is-config="true" signature="setUpClass()[pri:0, instance:com.crowdar.bdd.cukes.TestNGSecuencialRunner@7193666c]" started-at="2024-05-28T03:40:41Z" name="setUpClass" finished-at="2024-05-28T03:40:41Z" duration-ms="362" status="PASS">
          <reporter-output>
          </reporter-output>
        </test-method> <!-- setUpClass -->
        <test-method signature="runScenario(cucumber.api.testng.PickleEventWrapper, cucumber.api.testng.CucumberFeatureWrapper)[pri:0, instance:com.crowdar.bdd.cukes.TestNGSecuencialRunner@7193666c]" started-at="2024-05-28T03:40:41Z" name="runScenario" description="Runs Cucumber Scenarios" data-provider="scenarios" finished-at="2024-05-28T03:41:04Z" duration-ms="22455" status="PASS">
          <params>
            <param index="0">
              <value>
                <![CDATA["logueo en la aplicacion de clockify"]]>
              </value>
            </param>
            <param index="1">
              <value>
                <![CDATA["El usuario se loguea en la app de clockify"]]>
              </value>
            </param>
          </params>
          <reporter-output>
          </reporter-output>
        </test-method> <!-- runScenario -->
        <test-method signature="runScenario(cucumber.api.testng.PickleEventWrapper, cucumber.api.testng.CucumberFeatureWrapper)[pri:0, instance:com.crowdar.bdd.cukes.TestNGSecuencialRunner@7193666c]" started-at="2024-05-28T03:41:04Z" name="runScenario" description="Runs Cucumber Scenarios" data-provider="scenarios" finished-at="2024-05-28T03:42:08Z" duration-ms="64548" status="PASS">
          <params>
            <param index="0">
              <value>
                <![CDATA["El usuario crea un nuevo registro de horas trabajadas"]]>
              </value>
            </param>
            <param index="1">
              <value>
                <![CDATA["El usuario agrega horas de trabajo a su proyecto"]]>
              </value>
            </param>
          </params>
          <reporter-output>
          </reporter-output>
        </test-method> <!-- runScenario -->
        <test-method is-config="true" signature="tearDownClass()[pri:0, instance:com.crowdar.bdd.cukes.TestNGSecuencialRunner@7193666c]" started-at="2024-05-28T03:42:08Z" name="tearDownClass" finished-at="2024-05-28T03:42:09Z" duration-ms="668" status="PASS">
          <reporter-output>
          </reporter-output>
        </test-method> <!-- tearDownClass -->
      </class> <!-- com.crowdar.bdd.cukes.TestNGSecuencialRunner -->
    </test> <!-- Login and Update Profile Test -->
  </suite> <!-- BDD Test Suite -->
</testng-results>
