<?xml version="1.0" encoding="UTF-8"?>
<testng-results ignored="0" total="1" passed="1" failed="0" skipped="0">
  <reporter-output>
  </reporter-output>
  <suite started-at="2024-06-21T02:22:01Z" name="BDD Test Suite" finished-at="2024-06-21T02:23:04Z" duration-ms="63064">
    <groups>
      <group name="cucumber">
        <method signature="AbstractTestNGCucumberTests.runScenario(cucumber.api.testng.PickleEventWrapper, cucumber.api.testng.CucumberFeatureWrapper)[pri:0, instance:com.crowdar.bdd.cukes.TestNGSecuencialRunner@7193666c]" name="runScenario" class="cucumber.api.testng.AbstractTestNGCucumberTests"/>
      </group> <!-- cucumber -->
    </groups>
    <test started-at="2024-06-21T02:22:01Z" name="Login and Update Profile Test" finished-at="2024-06-21T02:23:04Z" duration-ms="63064">
      <class name="com.crowdar.bdd.cukes.TestNGSecuencialRunner">
        <test-method is-config="true" signature="setUpClass()[pri:0, instance:com.crowdar.bdd.cukes.TestNGSecuencialRunner@7193666c]" started-at="2024-06-21T02:22:01Z" name="setUpClass" finished-at="2024-06-21T02:22:01Z" duration-ms="403" status="PASS">
          <reporter-output>
          </reporter-output>
        </test-method> <!-- setUpClass -->
        <test-method signature="runScenario(cucumber.api.testng.PickleEventWrapper, cucumber.api.testng.CucumberFeatureWrapper)[pri:0, instance:com.crowdar.bdd.cukes.TestNGSecuencialRunner@7193666c]" started-at="2024-06-21T02:22:01Z" name="runScenario" description="Runs Cucumber Scenarios" data-provider="scenarios" finished-at="2024-06-21T02:23:03Z" duration-ms="62153" status="PASS">
          <params>
            <param index="0">
              <value>
                <![CDATA["Creo un nuevo registro de horas trabajadas pero modificando la fecha desde el calendario"]]>
              </value>
            </param>
            <param index="1">
              <value>
                <![CDATA["El usuario agrega horas de trabajo a su proyecto"]]>
              </value>
            </param>
          </params>
          <reporter-output>
          </reporter-output>
        </test-method> <!-- runScenario -->
        <test-method is-config="true" signature="tearDownClass()[pri:0, instance:com.crowdar.bdd.cukes.TestNGSecuencialRunner@7193666c]" started-at="2024-06-21T02:23:03Z" name="tearDownClass" finished-at="2024-06-21T02:23:04Z" duration-ms="434" status="PASS">
          <reporter-output>
          </reporter-output>
        </test-method> <!-- tearDownClass -->
      </class> <!-- com.crowdar.bdd.cukes.TestNGSecuencialRunner -->
    </test> <!-- Login and Update Profile Test -->
  </suite> <!-- BDD Test Suite -->
</testng-results>
