<?xml version="1.0" encoding="UTF-8"?>
<!-- Generated by org.testng.reporters.JUnitXMLReporter -->
<testsuite ignored="0" hostname="DESKTOP-C0RMBGR" failures="0" tests="2" name="Login and Update Profile Test" time="88.106" errors="0" timestamp="28 may. 2024 03:42:09 GMT">
  <testcase classname="cucumber.api.testng.AbstractTestNGCucumberTests" name="runScenario" time="22.455"/>
  <testcase classname="cucumber.api.testng.AbstractTestNGCucumberTests" name="runScenario" time="64.548"/>
</testsuite> <!-- Login and Update Profile Test -->
